build/app/outputs/mapping/release/mapping.txt
# compiler: R8
# compiler_version: 1.5.64
# min_api: 19
# pg_map_id: 0edcf5c
...
androidx.lifecycle.LifecycleEventObserver -> androidx.lifecycle.g:
    void onStateChanged(androidx.lifecycle.LifecycleOwner,androidx.lifecycle.Lifecycle$Event) -> a
androidx.lifecycle.LifecycleObserver -> androidx.lifecycle.h:
androidx.lifecycle.LifecycleOwner -> androidx.lifecycle.i:
    androidx.lifecycle.Lifecycle getLifecycle() -> b
androidx.lifecycle.LifecycleRegistry -> androidx.lifecycle.j:
    androidx.lifecycle.Lifecycle$State mState -> b
    androidx.arch.core.internal.FastSafeIterableMap mObserverMap -> a
    boolean mHandlingEvent -> e
    java.util.ArrayList mParentStates -> g
    java.lang.ref.WeakReference mLifecycleOwner -> c
    boolean mNewEventOccurred -> f
    int mAddingObserverCounter -> d
    void addObserver(androidx.lifecycle.LifecycleObserver) -> a
    void backwardPass(androidx.lifecycle.LifecycleOwner) -> a
    androidx.lifecycle.Lifecycle$Event downEvent(androidx.lifecycle.Lifecycle$State) -> a
    androidx.lifecycle.Lifecycle$State getCurrentState() -> a
    void handleLifecycleEvent(androidx.lifecycle.Lifecycle$Event) -> a
    androidx.lifecycle.Lifecycle$State min(androidx.lifecycle.Lifecycle$State,androidx.lifecycle.Lifecycle$State) -> a
    void forwardPass(androidx.lifecycle.LifecycleOwner) -> b
    androidx.lifecycle.Lifecycle$State getStateAfter(androidx.lifecycle.Lifecycle$Event) -> b
    boolean isSynced() -> b
    void moveToState(androidx.lifecycle.Lifecycle$State) -> b
    void removeObserver(androidx.lifecycle.LifecycleObserver) -> b
    androidx.lifecycle.Lifecycle$State calculateTargetState(androidx.lifecycle.LifecycleObserver) -> c
    void popParentState() -> c
    void pushParentState(androidx.lifecycle.Lifecycle$State) -> c
    void sync() -> d
    androidx.lifecycle.Lifecycle$Event upEvent(androidx.lifecycle.Lifecycle$State) -> d
androidx.lifecycle.LifecycleRegistry$1 -> androidx.lifecycle.j$a:
    int[] $SwitchMap$androidx$lifecycle$Lifecycle$State -> b
    int[] $SwitchMap$androidx$lifecycle$Lifecycle$Event -> a
androidx.lifecycle.LifecycleRegistry$ObserverWithState -> androidx.lifecycle.j$b:
    androidx.lifecycle.Lifecycle$State mState -> a
    androidx.lifecycle.LifecycleEventObserver mLifecycleObserver -> b
    void dispatchEvent(androidx.lifecycle.LifecycleOwner,androidx.lifecycle.Lifecycle$Event) -> a
androidx.lifecycle.Lifecycling -> androidx.lifecycle.k:
    java.util.Map sCallbackCache -> a
    java.util.Map sClassToAdapters -> b
    androidx.lifecycle.GeneratedAdapter createGeneratedAdapter(java.lang.reflect.Constructor,java.lang.Object) -> a
    java.lang.reflect.Constructor generatedConstructor(java.lang.Class) -> a
    java.lang.String getAdapterName(java.lang.String) -> a
    androidx.lifecycle.LifecycleEventObserver lifecycleEventObserver(java.lang.Object) -> a
    int getObserverConstructorType(java.lang.Class) -> b
    boolean isLifecycleParent(java.lang.Class) -> c
    int resolveObserverCallbackType(java.lang.Class) -> d
androidx.lifecycle.Lifecycling$1 -> androidx.lifecycle.Lifecycling$1:
    androidx.lifecycle.LifecycleEventObserver val$observer -> a
    void onStateChanged(androidx.lifecycle.LifecycleOwner,androidx.lifecycle.Lifecycle$Event) -> a
androidx.lifecycle.LiveData -> androidx.lifecycle.LiveData:
    int mActiveCount -> a
    void dispatchingValue(androidx.lifecycle.LiveData$ObserverWrapper) -> a
    void onActive() -> a
    void removeObserver(androidx.lifecycle.Observer) -> a
    void onInactive() -> b
androidx.lifecycle.LiveData$LifecycleBoundObserver -> androidx.lifecycle.LiveData$LifecycleBoundObserver:
    androidx.lifecycle.LiveData this$0 -> e
    androidx.lifecycle.LifecycleOwner mOwner -> d
    void onStateChanged(androidx.lifecycle.LifecycleOwner,androidx.lifecycle.Lifecycle$Event) -> a
    boolean shouldBeActive() -> a